Pin: pin-3.27-98718-beaa5d51e
Copyright 2002-2023 Intel Corporation.
 [tid:24510] Invalid RTN mov rdx, qword ptr [rip+0x3343e9]
 [tid:24510] Invalid RTN lea rax, ptr [rip+0xbaff2]
 [tid:24510] Invalid RTN test dword ptr [rdx+0xb8], 0x40
 [tid:24510] Invalid RTN jnz 0x7fc68efbaad3
 [tid:24510] Invalid RTN test dword ptr [rdx+0xb8], 0x200
 [tid:24510] Invalid RTN jnz 0x7fc68efbaab9
 [tid:24510] Invalid RTN lea rax, ptr [rip+0xb70c3]
 [tid:24510] Invalid RTN test dword ptr [rdx+0x80], 0x100000
 [tid:24510] Invalid RTN jnz 0x7fc68efbaad3
 [tid:24510] Invalid RTN ret 
 [tid:24510] Invalid RTN lea rax, ptr [rip+0xd0301]
 [tid:24510] Invalid RTN sub rsp, 0x28
 [tid:24510] Invalid RTN lea rcx, ptr [rip+0xd02fb]
 [tid:24510] Invalid RTN mov dword ptr [rsp+0xc], 0x1
 [tid:24510] Invalid RTN mov dword ptr [rsp+0x8], 0x3ae75f6
 [tid:24510] Invalid RTN mov edx, 0x5f
 [tid:24510] Invalid RTN mov qword ptr [rsp], rax
 [tid:24510] Invalid RTN mov eax, 0x50e3a8
 [tid:24510] Invalid RTN shl rax, 0x4
 [tid:24510] Invalid RTN add rcx, 0x1
 [tid:24510] Invalid RTN add rax, rdx
 [tid:24510] Invalid RTN mov rdx, rax
 [tid:24510] Invalid RTN and edx, 0xf0000000
 [tid:24510] Invalid RTN shr rdx, 0x18
 [tid:24510] Invalid RTN xor rax, rdx
 [tid:24510] Invalid RTN movzx edx, byte ptr [rcx]
 [tid:24510] Invalid RTN test dl, dl
 [tid:24510] Invalid RTN jnz 0x7fc68efe7430
 [tid:24510] Invalid RTN and eax, 0xfffffff
 [tid:24510] Invalid RTN cmp rax, 0x3ae75f6
 [tid:24510] Invalid RTN jnz 0x7fc68efe748a
 [tid:24510] Invalid RTN lea rdi, ptr [rip+0xd1dc0]
 [tid:24510] Invalid RTN mov rsi, rsp
 [tid:24510] Invalid RTN mov qword ptr [rsp+0x10], 0x0
 [tid:24510] Invalid RTN call 0x7fc68f06ee80
 [tid:24510] Invalid RTN shl rax, 0x4
 [tid:24510] Invalid RTN add rcx, 0x1
 [tid:24510] Invalid RTN add rax, rdx
 [tid:24510] Invalid RTN mov rdx, rax
 [tid:24510] Invalid RTN and edx, 0xf0000000
 [tid:24510] Invalid RTN shr rdx, 0x18
 [tid:24510] Invalid RTN xor rax, rdx
 [tid:24510] Invalid RTN movzx edx, byte ptr [rcx]
 [tid:24510] Invalid RTN test dl, dl
 [tid:24510] Invalid RTN jnz 0x7fc68efe7430
 [tid:24510] Invalid RTN and eax, 0xfffffff
 [tid:24510] Invalid RTN cmp rax, 0x3ae75f6
 [tid:24510] Invalid RTN jnz 0x7fc68efe748a
 [tid:24510] Invalid RTN lea rdi, ptr [rip+0xd1dc0]
 [tid:24510] Invalid RTN mov rsi, rsp
 [tid:24510] Invalid RTN mov qword ptr [rsp+0x10], 0x0
 [tid:24510] Invalid RTN call 0x7fc68f06ee80
 [tid:24510] Invalid RTN mov r10, qword ptr [rip+0x27ffe9]
 [tid:24510] Invalid RTN mov rax, qword ptr [r10+0x108]
 [tid:24510] Invalid RTN test rax, rax
 [tid:24510] Invalid RTN jz 0x7fc68f06ef18
 [tid:24510] Invalid RTN sub rsp, 0x38
 [tid:24510] Invalid RTN mov r8, rsi
 [tid:24510] Invalid RTN lea rcx, ptr [rax+0x388]
 [tid:24510] Invalid RTN lea rdx, ptr [rsp+0x10]
 [tid:24510] Invalid RTN mov qword ptr [rsp+0x10], 0x0
 [tid:24510] Invalid RTN mov qword ptr [rsp+0x18], 0x0
 [tid:24510] Invalid RTN mov qword ptr [rsp+0x20], 0x0
 [tid:24510] Invalid RTN mov byte ptr [rsp+0x14], 0x20
 [tid:24510] Invalid RTN xor r9d, r9d
 [tid:24510] Invalid RTN mov qword ptr [rsp+0x8], rdx
 [tid:24510] Invalid RTN mov rsi, rax
 [tid:24510] Invalid RTN lea rdx, ptr [rsp+0x8]
 [tid:24510] Invalid RTN push 0x0
 [tid:24510] Invalid RTN push 0x0
 [tid:24510] Invalid RTN call qword ptr [r10+0x138]
 [tid:24510] Invalid RTN mov rdx, qword ptr [rsp+0x18]
 [tid:24510] Invalid RTN pop rcx
 [tid:24510] Invalid RTN pop rsi
 [tid:24510] Invalid RTN test rdx, rdx
 [tid:24510] Invalid RTN jz 0x7fc68f06ef08
 [tid:24510] Invalid RTN test rax, rax
 [tid:24510] Invalid RTN jz 0x7fc68f06ef10
 [tid:24510] Invalid RTN mov rax, qword ptr [rax]
 [tid:24510] Invalid RTN add rax, qword ptr [rdx+0x8]
 [tid:24510] Invalid RTN add rsp, 0x38
 [tid:24510] Invalid RTN ret 
 [tid:24510] Invalid RTN lea rdx, ptr [rip-0x8e]
 [tid:24510] Invalid RTN test rax, rax
 [tid:24510] Invalid RTN cmovz rax, rdx
 [tid:24510] Invalid RTN add rsp, 0x28
 [tid:24510] Invalid RTN ret 
 [tid:24510] Invalid RTN mov rdx, qword ptr [rip+0x338b69]
 [tid:24510] Invalid RTN lea rax, ptr [rip+0x22]
 [tid:24510] Invalid RTN test dword ptr [rdx+0x80], 0x100000
 [tid:24510] Invalid RTN jz 0x7fc68efb6321
 [tid:24510] Invalid RTN lea rax, ptr [rip+0xbf3cf]
 [tid:24510] Invalid RTN ret 
 [tid:24510] Invalid RTN mov rdx, qword ptr [rip+0x3320f9]
 [tid:24510] Invalid RTN lea rax, ptr [rip+0xba372]
 [tid:24510] Invalid RTN test dword ptr [rdx+0xb8], 0x40
 [tid:24510] Invalid RTN jnz 0x7fc68efbcdc3
 [tid:24510] Invalid RTN test dword ptr [rdx+0xb8], 0x200
 [tid:24510] Invalid RTN jnz 0x7fc68efbcda9
 [tid:24510] Invalid RTN lea rax, ptr [rip+0xb6983]
 [tid:24510] Invalid RTN test dword ptr [rdx+0x80], 0x100000
 [tid:24510] Invalid RTN jnz 0x7fc68efbcdc3
 [tid:24510] Invalid RTN ret 
 [tid:24510] Invalid RTN mov rdx, qword ptr [rip+0x3366f9]
 [tid:24510] Invalid RTN lea rax, ptr [rip+0x22]
 [tid:24510] Invalid RTN test dword ptr [rdx+0x80], 0x100000
 [tid:24510] Invalid RTN jz 0x7fc68efb8791
 [tid:24510] Invalid RTN lea rax, ptr [rip+0xbd09f]
 [tid:24510] Invalid RTN ret 
 [tid:24510] Invalid RTN mov rdx, qword ptr [rip+0x336369]
 [tid:24510] Invalid RTN lea rax, ptr [rip+0x22]
 [tid:24510] Invalid RTN test dword ptr [rdx+0x80], 0x100000
 [tid:24510] Invalid RTN jz 0x7fc68efb8b21
 [tid:24510] Invalid RTN lea rax, ptr [rip+0xbce3f]
 [tid:24510] Invalid RTN ret 
 [tid:24510] Invalid RTN lea rax, ptr [rip+0xd0221]
 [tid:24510] Invalid RTN sub rsp, 0x28
 [tid:24510] Invalid RTN lea rcx, ptr [rip+0xd021b]
 [tid:24510] Invalid RTN mov dword ptr [rsp+0xc], 0x1
 [tid:24510] Invalid RTN mov dword ptr [rsp+0x8], 0x3ae75f6
 [tid:24510] Invalid RTN mov edx, 0x5f
 [tid:24510] Invalid RTN mov qword ptr [rsp], rax
 [tid:24510] Invalid RTN mov eax, 0x50e3a8
 [tid:24510] Invalid RTN shl rax, 0x4
 [tid:24510] Invalid RTN add rcx, 0x1
 [tid:24510] Invalid RTN add rax, rdx
 [tid:24510] Invalid RTN mov rdx, rax
 [tid:24510] Invalid RTN and edx, 0xf0000000
 [tid:24510] Invalid RTN shr rdx, 0x18
 [tid:24510] Invalid RTN xor rax, rdx
 [tid:24510] Invalid RTN movzx edx, byte ptr [rcx]
 [tid:24510] Invalid RTN test dl, dl
 [tid:24510] Invalid RTN jnz 0x7fc68efe7510
 [tid:24510] Invalid RTN and eax, 0xfffffff
 [tid:24510] Invalid RTN cmp rax, 0x3ae75f6
 [tid:24510] Invalid RTN jnz 0x7fc68efe756a
 [tid:24510] Invalid RTN lea rdi, ptr [rip+0xd1cec]
 [tid:24510] Invalid RTN mov rsi, rsp
 [tid:24510] Invalid RTN mov qword ptr [rsp+0x10], 0x0
 [tid:24510] Invalid RTN call 0x7fc68f06ee80
 [tid:24510] Invalid RTN shl rax, 0x4
 [tid:24510] Invalid RTN add rcx, 0x1
 [tid:24510] Invalid RTN add rax, rdx
 [tid:24510] Invalid RTN mov rdx, rax
 [tid:24510] Invalid RTN and edx, 0xf0000000
 [tid:24510] Invalid RTN shr rdx, 0x18
 [tid:24510] Invalid RTN xor rax, rdx
 [tid:24510] Invalid RTN movzx edx, byte ptr [rcx]
 [tid:24510] Invalid RTN test dl, dl
 [tid:24510] Invalid RTN jnz 0x7fc68efe7510
 [tid:24510] Invalid RTN and eax, 0xfffffff
 [tid:24510] Invalid RTN cmp rax, 0x3ae75f6
 [tid:24510] Invalid RTN jnz 0x7fc68efe756a
 [tid:24510] Invalid RTN lea rdi, ptr [rip+0xd1cec]
 [tid:24510] Invalid RTN mov rsi, rsp
 [tid:24510] Invalid RTN mov qword ptr [rsp+0x10], 0x0
 [tid:24510] Invalid RTN call 0x7fc68f06ee80
 [tid:24510] Invalid RTN lea rdx, ptr [rip-0xae]
 [tid:24510] Invalid RTN test rax, rax
 [tid:24510] Invalid RTN cmovz rax, rdx
 [tid:24510] Invalid RTN add rsp, 0x28
 [tid:24510] Invalid RTN ret 
 [tid:24510] Invalid RTN mov rcx, qword ptr [rip+0x334c9e]
 [tid:24510] Invalid RTN lea rax, ptr [rip+0x11797]
 [tid:24510] Invalid RTN mov edx, dword ptr [rcx+0xb8]
 [tid:24510] Invalid RTN mov esi, edx
 [tid:24510] Invalid RTN and esi, 0x21000
 [tid:24510] Invalid RTN cmp esi, 0x21000
 [tid:24510] Invalid RTN jz 0x7fc68efba220
 [tid:24510] Invalid RTN test dh, 0x8
 [tid:24510] Invalid RTN lea rax, ptr [rip+0xbe8b7]
 [tid:24510] Invalid RTN jnz 0x7fc68efba220
 [tid:24510] Invalid RTN test byte ptr [rcx+0x81], 0x2
 [tid:24510] Invalid RTN lea rax, ptr [rip-0x199]
 [tid:24510] Invalid RTN jz 0x7fc68efba220
 [tid:24510] Invalid RTN ret 
 [tid:24510] Exe register_tm_clones
 [tid:24510] INSTSELECTOR: instruction to be included mov esi, 0x601060
 [tid:24510] ins:mov esi, 0x601060
 [tid:24510] reg:esi
 [tid:24510] Exe register_tm_clones
 [tid:24510] INSTSELECTOR: instruction to be included push rbp
 [tid:24510] ins:push rbp
 [tid:24510] reg:rsp
 [tid:24510] Exe register_tm_clones
 [tid:24510] INSTSELECTOR: instruction to be included sub rsi, 0x601060
 [tid:24510] ins:sub rsi, 0x601060
 [tid:24510] reg:rsi
 [tid:24510] Exe register_tm_clones
 [tid:24510] INSTSELECTOR: instruction to be included mov rbp, rsp
 [tid:24510] ins:mov rbp, rsp
 [tid:24510] reg:rbp
 [tid:24510] Exe register_tm_clones
 [tid:24510] INSTSELECTOR: instruction to be included sar rsi, 0x3
 [tid:24510] ins:sar rsi, 0x3
 [tid:24510] reg:rsi
 [tid:24510] Exe register_tm_clones
 [tid:24510] INSTSELECTOR: instruction to be included mov rax, rsi
 [tid:24510] ins:mov rax, rsi
 [tid:24510] reg:rax
 [tid:24510] Exe register_tm_clones
 [tid:24510] INSTSELECTOR: instruction to be included shr rax, 0x3f
 [tid:24510] ins:shr rax, 0x3f
 [tid:24510] reg:rax
 [tid:24510] Exe register_tm_clones
 [tid:24510] INSTSELECTOR: instruction to be included add rsi, rax
 [tid:24510] ins:add rsi, rax
 [tid:24510] reg:rsi
 [tid:24510] Exe register_tm_clones
 [tid:24510] INSTSELECTOR: instruction to be included sar rsi, 0x1
 [tid:24510] ins:sar rsi, 0x1
 [tid:24510] reg:rsi
 [tid:24510] Exe register_tm_clones
 [tid:24510] Exe register_tm_clones
 [tid:24510] INSTSELECTOR: instruction to be included mov eax, 0x0
 [tid:24510] ins:mov eax, 0x0
 [tid:24510] reg:eax
 [tid:24510] Exe register_tm_clones
 [tid:24510] INSTSELECTOR: instruction to be included test rax, rax
 [tid:24510] ins:test rax, rax
 [tid:24510] reg:rflags
 [tid:24510] Exe register_tm_clones
 [tid:24510] Exe register_tm_clones
 [tid:24510] INSTSELECTOR: instruction to be included pop rbp
 [tid:24510] ins:pop rbp
 [tid:24510] reg:rbp
 [tid:24510] Exe register_tm_clones
 [tid:24510] INSTSELECTOR: instruction to be included mov edi, 0x601060
 [tid:24510] ins:mov edi, 0x601060
 [tid:24510] reg:edi
 [tid:24510] Exe register_tm_clones
 [tid:24510] Exe register_tm_clones
 [tid:24510] INSTSELECTOR: instruction to be included pop rbp
 [tid:24510] ins:pop rbp
 [tid:24510] reg:rbp
 [tid:24510] Exe register_tm_clones
 [tid:24510] Exe main
 [tid:24510] INSTSELECTOR: instruction to be included push rbp
 [tid:24510] ins:push rbp
 [tid:24510] reg:rsp
 [tid:24510] Exe main
 [tid:24510] INSTSELECTOR: instruction to be included mov rbp, rsp
 [tid:24510] ins:mov rbp, rsp
 [tid:24510] reg:rbp
 [tid:24510] Exe main
 [tid:24510] INSTSELECTOR: instruction to be included sub rsp, 0xc3530
 [tid:24510] ins:sub rsp, 0xc3530
 [tid:24510] reg:rsp
 [tid:24510] Exe main
 [tid:24510] INSTSELECTOR: instruction to be included mov rax, qword ptr fs:[0x28]
 [tid:24510] ins:mov rax, qword ptr fs:[0x28]
 [tid:24510] reg:rax
 [tid:24510] Exe main
 [tid:24510] Exe main
 [tid:24510] INSTSELECTOR: instruction to be included xor eax, eax
 [tid:24510] ins:xor eax, eax
 [tid:24510] reg:eax
 [tid:24510] Exe main
 [tid:24510] INSTSELECTOR: instruction to be included lea rax, ptr [rbp-0xc3510]
 [tid:24510] ins:lea rax, ptr [rbp-0xc3510]
 [tid:24510] reg:rax
 [tid:24510] Exe main
 [tid:24510] INSTSELECTOR: instruction to be included mov rsi, rax
 [tid:24510] ins:mov rsi, rax
 [tid:24510] reg:rsi
 [tid:24510] Exe main
 [tid:24510] INSTSELECTOR: instruction to be included mov edi, 0x400b00
 [tid:24510] ins:mov edi, 0x400b00
 [tid:24510] reg:edi
 [tid:24510] Exe main
 [tid:24510] Exe read_file
 [tid:24510] INSTSELECTOR: instruction to be included push rbp
 [tid:24510] ins:push rbp
 [tid:24510] reg:rsp
 [tid:24510] Exe read_file
 [tid:24510] INSTSELECTOR: instruction to be included mov rbp, rsp
 [tid:24510] ins:mov rbp, rsp
 [tid:24510] reg:rbp
 [tid:24510] Exe read_file
 [tid:24510] INSTSELECTOR: instruction to be included sub rsp, 0x20
 [tid:24510] ins:sub rsp, 0x20
 [tid:24510] reg:rsp
 [tid:24510] Exe read_file
 [tid:24510] Exe read_file
 [tid:24510] Exe read_file
 [tid:24510] Exe read_file
 [tid:24510] INSTSELECTOR: instruction to be included mov rax, qword ptr [rbp-0x18]
 [tid:24510] ins:mov rax, qword ptr [rbp-0x18]
 [tid:24510] reg:rax
 [tid:24510] Exe read_file
 [tid:24510] INSTSELECTOR: instruction to be included mov esi, 0x400ae8
 [tid:24510] ins:mov esi, 0x400ae8
 [tid:24510] reg:esi
 [tid:24510] Exe read_file
 [tid:24510] INSTSELECTOR: instruction to be included mov rdi, rax
 [tid:24510] ins:mov rdi, rax
 [tid:24510] reg:rdi
 [tid:24510] Exe read_file
 [tid:24510] Exe read_file
 [tid:24510] Exe read_file
 [tid:24510] INSTSELECTOR: instruction to be included cmp qword ptr [rbp-0x8], 0x0
 [tid:24510] ins:cmp qword ptr [rbp-0x8], 0x0
 [tid:24510] reg:rflags
 [tid:24510] Exe read_file
 [tid:24510] Exe read_file
 [tid:24510] INSTSELECTOR: instruction to be included mov edi, 0x400aea
 [tid:24510] ins:mov edi, 0x400aea
 [tid:24510] reg:edi
 [tid:24510] Exe read_file
 [tid:24510] Exe read_file
 [tid:24510] INSTSELECTOR: instruction to be included mov eax, dword ptr [rbp-0xc]
 [tid:24510] ins:mov eax, dword ptr [rbp-0xc]
 [tid:24510] reg:eax
 [tid:24510] Exe read_file
 [tid:24510] INSTSELECTOR: instruction to be included cdqe 
 [tid:24510] ins:cdqe 
 [tid:24510] reg:rax
 [tid:24510] Exe read_file
 [tid:24510] INSTSELECTOR: instruction to be included lea rdx, ptr [rax*4]
 [tid:24510] ins:lea rdx, ptr [rax*4]
 [tid:24510] reg:rdx
 [tid:24510] Exe read_file
 [tid:24510] INSTSELECTOR: instruction to be included mov rax, qword ptr [rbp-0x20]
 [tid:24510] ins:mov rax, qword ptr [rbp-0x20]
 [tid:24510] reg:rax
 [tid:24510] Exe read_file
 [tid:24510] INSTSELECTOR: instruction to be included add rdx, rax
 [tid:24510] ins:add rdx, rax
 [tid:24510] reg:rdx
 [tid:24510] Exe read_file
 [tid:24510] INSTSELECTOR: instruction to be included mov rax, qword ptr [rbp-0x8]
 [tid:24510] ins:mov rax, qword ptr [rbp-0x8]
 [tid:24510] reg:rax
 [tid:24510] Exe read_file
 [tid:24510] INSTSELECTOR: instruction to be included mov esi, 0x400afd
 [tid:24510] ins:mov esi, 0x400afd
 [tid:24510] reg:esi
 [tid:24510] Exe read_file
 [tid:24510] INSTSELECTOR: instruction to be included mov rdi, rax
 [tid:24510] ins:mov rdi, rax
 [tid:24510] reg:rdi
 [tid:24510] Exe read_file
 [tid:24510] INSTSELECTOR: instruction to be included mov eax, 0x0
 [tid:24510] ins:mov eax, 0x0
 [tid:24510] reg:eax
 [tid:24510] Exe read_file
 [tid:24510] Exe read_file
 [tid:24510] INSTSELECTOR: instruction to be included cmp eax, 0x1
 [tid:24510] ins:cmp eax, 0x1
 [tid:24510] reg:rflags
 [tid:24510] Exe read_file
 [tid:24510] Exe read_file
 [tid:24510] INSTSELECTOR: instruction to be included mov rax, qword ptr [rbp-0x8]
 [tid:24510] ins:mov rax, qword ptr [rbp-0x8]
 [tid:24510] reg:rax
 [tid:24510] Exe read_file
 [tid:24510] INSTSELECTOR: instruction to be included mov rdi, rax
 [tid:24510] ins:mov rdi, rax
 [tid:24510] reg:rdi
 [tid:24510] Exe read_file
 [tid:24510] Exe read_file
 [tid:24510] INSTSELECTOR: instruction to be included add dword ptr [rbp-0xc], 0x1
 [tid:24510] ins:add dword ptr [rbp-0xc], 0x1
 [tid:24510] reg:rflags
 [tid:24510] COMP2MEM: inst add dword ptr [rbp-0xc], 0x1
 [tid:24510] Exe read_file
 [tid:24510] INSTSELECTOR: instruction to be included mov eax, dword ptr [rbp-0xc]
 [tid:24510] ins:mov eax, dword ptr [rbp-0xc]
 [tid:24510] reg:eax
 [tid:24510] Exe read_file
 [tid:24510] INSTSELECTOR: instruction to be included cdqe 
 [tid:24510] ins:cdqe 
 [tid:24510] reg:rax
 [tid:24510] Exe read_file
 [tid:24510] INSTSELECTOR: instruction to be included lea rdx, ptr [rax*4]
 [tid:24510] ins:lea rdx, ptr [rax*4]
 [tid:24510] reg:rdx
 [tid:24510] Exe read_file
 [tid:24510] INSTSELECTOR: instruction to be included mov rax, qword ptr [rbp-0x20]
 [tid:24510] ins:mov rax, qword ptr [rbp-0x20]
 [tid:24510] reg:rax
 [tid:24510] Exe read_file
 [tid:24510] INSTSELECTOR: instruction to be included add rdx, rax
 [tid:24510] ins:add rdx, rax
 [tid:24510] reg:rdx
 [tid:24510] Exe read_file
 [tid:24510] INSTSELECTOR: instruction to be included mov rax, qword ptr [rbp-0x8]
 [tid:24510] ins:mov rax, qword ptr [rbp-0x8]
 [tid:24510] reg:rax
 [tid:24510] Exe read_file
 [tid:24510] INSTSELECTOR: instruction to be included mov esi, 0x400afd
 [tid:24510] ins:mov esi, 0x400afd
 [tid:24510] reg:esi
 [tid:24510] Exe read_file
 [tid:24510] INSTSELECTOR: instruction to be included mov rdi, rax
 [tid:24510] ins:mov rdi, rax
 [tid:24510] reg:rdi
 [tid:24510] Exe read_file
 [tid:24510] INSTSELECTOR: instruction to be included mov eax, 0x0
 [tid:24510] ins:mov eax, 0x0
 [tid:24510] reg:eax
 [tid:24510] Exe read_file
 [tid:24510] Exe read_file
 [tid:24510] INSTSELECTOR: instruction to be included cmp eax, 0x1
 [tid:24510] ins:cmp eax, 0x1
 [tid:24510] reg:rflags
 [tid:24510] Exe read_file
 [tid:24510] Exe read_file
 [tid:24510] INSTSELECTOR: instruction to be included mov rax, qword ptr [rbp-0x8]
 [tid:24510] ins:mov rax, qword ptr [rbp-0x8]
 [tid:24510] reg:rax
 [tid:24510] Exe read_file
 [tid:24510] INSTSELECTOR: instruction to be included mov rdi, rax
 [tid:24510] ins:mov rdi, rax
 [tid:24510] reg:rdi
 [tid:24510] Exe read_file
 [tid:24510] Exe read_file
 [tid:24510] INSTSELECTOR: instruction to be included mov eax, dword ptr [rbp-0xc]
 [tid:24510] ins:mov eax, dword ptr [rbp-0xc]
 [tid:24510] reg:eax
 [tid:24510] Exe read_file
 [tid:24510] INSTSELECTOR: instruction to be included leave 
 [tid:24510] ins:leave 
 [tid:24510] reg:rsp
 [tid:24510] Exe read_file
 [tid:24510] Exe main
 [tid:24510] INSTSELECTOR: instruction to be included lea rax, ptr [rbp-0x61a90]
 [tid:24510] ins:lea rax, ptr [rbp-0x61a90]
 [tid:24510] reg:rax
 [tid:24510] Exe main
 [tid:24510] INSTSELECTOR: instruction to be included mov rsi, rax
 [tid:24510] ins:mov rsi, rax
 [tid:24510] reg:rsi
 [tid:24510] Exe main
 [tid:24510] INSTSELECTOR: instruction to be included mov edi, 0x400b0b
 [tid:24510] ins:mov edi, 0x400b0b
 [tid:24510] reg:edi
 [tid:24510] Exe main
 [tid:24510] Exe read_file
 [tid:24510] Exe read_file
 [tid:24510] INSTSELECTOR: instruction to be included cmp qword ptr [rbp-0x8], 0x0
 [tid:24510] ins:cmp qword ptr [rbp-0x8], 0x0
 [tid:24510] reg:rflags
 [tid:24510] Exe read_file
 [tid:24510] Exe read_file
 [tid:24510] INSTSELECTOR: instruction to be included mov edi, 0x400aea
 [tid:24510] ins:mov edi, 0x400aea
 [tid:24510] reg:edi
 [tid:24510] Exe read_file
 [tid:24510] Exe read_file
 [tid:24510] INSTSELECTOR: instruction to be included mov eax, dword ptr [rbp-0xc]
 [tid:24510] ins:mov eax, dword ptr [rbp-0xc]
 [tid:24510] reg:eax
 [tid:24510] Exe read_file
 [tid:24510] INSTSELECTOR: instruction to be included leave 
 [tid:24510] ins:leave 
 [tid:24510] reg:rsp
 [tid:24510] Exe read_file
 [tid:24510] Exe main
 [tid:24510] INSTSELECTOR: instruction to be included lea rdx, ptr [rbp-0x61a90]
 [tid:24510] ins:lea rdx, ptr [rbp-0x61a90]
 [tid:24510] reg:rdx
 [tid:24510] Exe main
 [tid:24510] INSTSELECTOR: instruction to be included lea rax, ptr [rbp-0xc3510]
 [tid:24510] ins:lea rax, ptr [rbp-0xc3510]
 [tid:24510] reg:rax
 [tid:24510] Exe main
 [tid:24510] INSTSELECTOR: instruction to be included mov ecx, 0x186a0
 [tid:24510] ins:mov ecx, 0x186a0
 [tid:24510] reg:ecx
 [tid:24510] Exe main
 [tid:24510] INSTSELECTOR: instruction to be included mov esi, 0x186a0
 [tid:24510] ins:mov esi, 0x186a0
 [tid:24510] reg:esi
 [tid:24510] Exe main
 [tid:24510] INSTSELECTOR: instruction to be included mov rdi, rax
 [tid:24510] ins:mov rdi, rax
 [tid:24510] reg:rdi
 [tid:24510] Exe main
 [tid:24510] Exe findMedianSortedArrays
 [tid:24510] INSTSELECTOR: instruction to be included push rbp
 [tid:24510] ins:push rbp
 [tid:24510] reg:rsp
 [tid:24510] Exe findMedianSortedArrays
 [tid:24510] INSTSELECTOR: instruction to be included mov rbp, rsp
 [tid:24510] ins:mov rbp, rsp
 [tid:24510] reg:rbp
 [tid:24510] Exe findMedianSortedArrays
 [tid:24510] INSTSELECTOR: instruction to be included sub rsp, 0x70
 [tid:24510] ins:sub rsp, 0x70
 [tid:24510] reg:rsp
 [tid:24510] Exe findMedianSortedArrays
 [tid:24510] Exe findMedianSortedArrays
 [tid:24510] Exe findMedianSortedArrays
 [tid:24510] Exe findMedianSortedArrays
 [tid:24510] Exe findMedianSortedArrays
 [tid:24510] INSTSELECTOR: instruction to be included mov rax, qword ptr fs:[0x28]
 [tid:24510] ins:mov rax, qword ptr fs:[0x28]
 [tid:24510] reg:rax
 [tid:24510] Exe findMedianSortedArrays
 [tid:24510] Exe findMedianSortedArrays
 [tid:24510] INSTSELECTOR: instruction to be included xor eax, eax
 [tid:24510] ins:xor eax, eax
 [tid:24510] reg:eax
 [tid:24510] Exe findMedianSortedArrays
 [tid:24510] INSTSELECTOR: instruction to be included mov edx, dword ptr [rbp-0x5c]
 [tid:24510] ins:mov edx, dword ptr [rbp-0x5c]
 [tid:24510] reg:edx
 [tid:24510] Exe findMedianSortedArrays
 [tid:24510] INSTSELECTOR: instruction to be included mov eax, dword ptr [rbp-0x60]
 [tid:24510] ins:mov eax, dword ptr [rbp-0x60]
 [tid:24510] reg:eax
 [tid:24510] Exe findMedianSortedArrays
 [tid:24510] INSTSELECTOR: instruction to be included add eax, edx
 [tid:24510] ins:add eax, edx
 [tid:24510] reg:eax
 [tid:24510] Exe findMedianSortedArrays
 [tid:24510] Exe findMedianSortedArrays
 [tid:24510] Exe findMedianSortedArrays
 [tid:24510] INSTSELECTOR: instruction to be included mov eax, dword ptr [rbp-0x24]
 [tid:24510] ins:mov eax, dword ptr [rbp-0x24]
 [tid:24510] reg:eax
 [tid:24510] Exe findMedianSortedArrays
 [tid:24510] Exe findMedianSortedArrays
 [tid:24510] INSTSELECTOR: instruction to be included mov eax, dword ptr [rbp-0x28]
 [tid:24510] ins:mov eax, dword ptr [rbp-0x28]
 [tid:24510] reg:eax
 [tid:24510] Exe findMedianSortedArrays
 [tid:24510] Exe findMedianSortedArrays
 [tid:24510] INSTSELECTOR: instruction to be included mov eax, dword ptr [rbp-0x2c]
 [tid:24510] ins:mov eax, dword ptr [rbp-0x2c]
 [tid:24510] reg:eax
 [tid:24510] Exe findMedianSortedArrays
 [tid:24510] Exe findMedianSortedArrays
 [tid:24510] INSTSELECTOR: instruction to be included mov eax, dword ptr [rbp-0x30]
 [tid:24510] ins:mov eax, dword ptr [rbp-0x30]
 [tid:24510] reg:eax
 [tid:24510] Exe findMedianSortedArrays
 [tid:24510] Exe findMedianSortedArrays
 [tid:24510] INSTSELECTOR: instruction to be included mov eax, dword ptr [rbp-0x34]
 [tid:24510] ins:mov eax, dword ptr [rbp-0x34]
 [tid:24510] reg:eax
 [tid:24510] Exe findMedianSortedArrays
 [tid:24510] Exe findMedianSortedArrays
 [tid:24510] INSTSELECTOR: instruction to be included mov eax, dword ptr [rbp-0x38]
 [tid:24510] ins:mov eax, dword ptr [rbp-0x38]
 [tid:24510] reg:eax
 [tid:24510] Exe findMedianSortedArrays
 [tid:24510] Exe findMedianSortedArrays
 [tid:24510] INSTSELECTOR: instruction to be included mov eax, dword ptr [rbp-0x3c]
 [tid:24510] ins:mov eax, dword ptr [rbp-0x3c]
 [tid:24510] reg:eax
 [tid:24510] Exe findMedianSortedArrays
 [tid:24510] Exe findMedianSortedArrays
 [tid:24510] INSTSELECTOR: instruction to be included mov eax, dword ptr [rbp-0x40]
 [tid:24510] ins:mov eax, dword ptr [rbp-0x40]
 [tid:24510] reg:eax
 [tid:24510] Exe findMedianSortedArrays
 [tid:24510] Exe findMedianSortedArrays
 [tid:24510] INSTSELECTOR: instruction to be included cmp dword ptr [rbp-0x5c], 0x0
 [tid:24510] ins:cmp dword ptr [rbp-0x5c], 0x0
 [tid:24510] reg:rflags
 [tid:24510] Exe findMedianSortedArrays
 [tid:24510] Exe findMedianSortedArrays
 [tid:24510] Exe findMedianSortedArrays
 [tid:24510] Exe findMedianSortedArrays
 [tid:24510] Exe findMedianSortedArrays
 [tid:24510] Exe findMedianSortedArrays
 [tid:24510] INSTSELECTOR: instruction to be included cmp dword ptr [rbp-0x60], 0x0
 [tid:24510] ins:cmp dword ptr [rbp-0x60], 0x0
 [tid:24510] reg:rflags
 [tid:24510] Exe findMedianSortedArrays
 [tid:24510] Exe findMedianSortedArrays
 [tid:24510] Exe findMedianSortedArrays
 [tid:24510] Exe findMedianSortedArrays
 [tid:24510] Exe findMedianSortedArrays
 [tid:24510] Exe findMedianSortedArrays
 [tid:24510] INSTSELECTOR: instruction to be included mov eax, dword ptr [rbp-0x20]
 [tid:24510] ins:mov eax, dword ptr [rbp-0x20]
 [tid:24510] reg:eax
 [tid:24510] Exe findMedianSortedArrays
 [tid:24510] INSTSELECTOR: instruction to be included mov edx, eax
 [tid:24510] ins:mov edx, eax
 [tid:24510] reg:edx
 [tid:24510] Exe findMedianSortedArrays
 [tid:24510] INSTSELECTOR: instruction to be included shr edx, 0x1f
 [tid:24510] ins:shr edx, 0x1f
 [tid:24510] reg:edx
 [tid:24510] Exe findMedianSortedArrays
 [tid:24510] INSTSELECTOR: instruction to be included add eax, edx
 [tid:24510] ins:add eax, edx
 [tid:24510] reg:eax
 [tid:24510] Exe findMedianSortedArrays
 [tid:24510] INSTSELECTOR: instruction to be included sar eax, 0x1
 [tid:24510] ins:sar eax, 0x1
 [tid:24510] reg:eax
 [tid:24510] Exe findMedianSortedArrays
 [tid:24510] INSTSELECTOR: instruction to be included add eax, 0x1
 [tid:24510] ins:add eax, 0x1
 [tid:24510] reg:eax
 [tid:24510] Exe findMedianSortedArrays
 [tid:24510] Exe findMedianSortedArrays
 [tid:24510] Exe findMedianSortedArrays
 [tid:24510] Exe findMedianSortedArrays
 [tid:24510] INSTSELECTOR: instruction to be included cmp dword ptr [rbp-0x60], 0x0
 [tid:24510] ins:cmp dword ptr [rbp-0x60], 0x0
 [tid:24510] reg:rflags
 [tid:24510] Exe findMedianSortedArrays
 [tid:24510] Exe findMedianSortedArrays
 [tid:24510] Exe findMedianSortedArrays
 [tid:24510] Exe findMedianSortedArrays
 [tid:24510] Exe findMedianSortedArrays
 [tid:24510] Exe findMedianSortedArrays
 [tid:24510] INSTSELECTOR: instruction to be included mov eax, dword ptr [rbp-0x20]
 [tid:24510] ins:mov eax, dword ptr [rbp-0x20]
 [tid:24510] reg:eax
 [tid:24510] Exe findMedianSortedArrays
 [tid:24510] INSTSELECTOR: instruction to be included mov edx, eax
 [tid:24510] ins:mov edx, eax
 [tid:24510] reg:edx
 [tid:24510] Exe findMedianSortedArrays
 [tid:24510] INSTSELECTOR: instruction to be included shr edx, 0x1f
 [tid:24510] ins:shr edx, 0x1f
 [tid:24510] reg:edx
 [tid:24510] Exe findMedianSortedArrays
 [tid:24510] INSTSELECTOR: instruction to be included add eax, edx
 [tid:24510] ins:add eax, edx
 [tid:24510] reg:eax
 [tid:24510] Exe findMedianSortedArrays
 [tid:24510] INSTSELECTOR: instruction to be included sar eax, 0x1
 [tid:24510] ins:sar eax, 0x1
 [tid:24510] reg:eax
 [tid:24510] Exe findMedianSortedArrays
 [tid:24510] INSTSELECTOR: instruction to be included add eax, 0x1
 [tid:24510] ins:add eax, 0x1
 [tid:24510] reg:eax
 [tid:24510] Exe findMedianSortedArrays
 [tid:24510] Exe findMedianSortedArrays
 [tid:24510] Exe findMedianSortedArrays
 [tid:24510] Exe findMedianSortedArrays
 [tid:24510] INSTSELECTOR: instruction to be included mov eax, dword ptr [rbp-0x20]
 [tid:24510] ins:mov eax, dword ptr [rbp-0x20]
 [tid:24510] reg:eax
 [tid:24510] Exe findMedianSortedArrays
 [tid:24510] INSTSELECTOR: instruction to be included mov edx, eax
 [tid:24510] ins:mov edx, eax
 [tid:24510] reg:edx
 [tid:24510] Exe findMedianSortedArrays
 [tid:24510] INSTSELECTOR: instruction to be included shr edx, 0x1f
 [tid:24510] ins:shr edx, 0x1f
 [tid:24510] reg:edx
 [tid:24510] Exe findMedianSortedArrays
 [tid:24510] INSTSELECTOR: instruction to be included add eax, edx
 [tid:24510] ins:add eax, edx
 [tid:24510] reg:eax
 [tid:24510] Exe findMedianSortedArrays
 [tid:24510] INSTSELECTOR: instruction to be included sar eax, 0x1
 [tid:24510] ins:sar eax, 0x1
 [tid:24510] reg:eax
 [tid:24510] Exe findMedianSortedArrays
 [tid:24510] INSTSELECTOR: instruction to be included add eax, 0x1
 [tid:24510] ins:add eax, 0x1
 [tid:24510] reg:eax
 [tid:24510] Exe findMedianSortedArrays
 [tid:24510] Exe findMedianSortedArrays
 [tid:24510] Exe findMedianSortedArrays
 [tid:24510] Exe findMedianSortedArrays
 [tid:24510] INSTSELECTOR: instruction to be included mov eax, dword ptr [rbp-0x44]
 [tid:24510] ins:mov eax, dword ptr [rbp-0x44]
 [tid:24510] reg:eax
 [tid:24510] Exe findMedianSortedArrays
 [tid:24510] INSTSELECTOR: instruction to be included cmp eax, dword ptr [rbp-0x1c]
 [tid:24510] ins:cmp eax, dword ptr [rbp-0x1c]
 [tid:24510] reg:rflags
 [tid:24510] Exe findMedianSortedArrays
 [tid:24510] Exe findMedianSortedArrays
 [tid:24510] INSTSELECTOR: instruction to be included mov eax, dword ptr [rbp-0x20]
 [tid:24510] ins:mov eax, dword ptr [rbp-0x20]
 [tid:24510] reg:eax
 [tid:24510] Exe findMedianSortedArrays
 [tid:24510] INSTSELECTOR: instruction to be included and eax, 0x1
 [tid:24510] ins:and eax, 0x1
 [tid:24510] reg:eax
 [tid:24510] Exe findMedianSortedArrays
 [tid:24510] INSTSELECTOR: instruction to be included test eax, eax
 [tid:24510] ins:test eax, eax
 [tid:24510] reg:rflags
 [tid:24510] Exe findMedianSortedArrays
 [tid:24510] Exe findMedianSortedArrays
 [tid:24510] INSTSELECTOR: instruction to be included cvtsi2sd xmm1, dword ptr [rbp-0x34]
 [tid:24510] ins:cvtsi2sd xmm1, dword ptr [rbp-0x34]
 [tid:24510] reg:xmm1
 [tid:24510] Exe findMedianSortedArrays
 [tid:24510] INSTSELECTOR: instruction to be included cvtsi2sd xmm0, dword ptr [rbp-0x38]
 [tid:24510] ins:cvtsi2sd xmm0, dword ptr [rbp-0x38]
 [tid:24510] reg:xmm0
 [tid:24510] Exe findMedianSortedArrays
 [tid:24510] INSTSELECTOR: instruction to be included addsd xmm0, xmm1
 [tid:24510] ins:addsd xmm0, xmm1
 [tid:24510] reg:xmm0
 [tid:24510] Exe findMedianSortedArrays
 [tid:24510] INSTSELECTOR: instruction to be included movsd xmm1, qword ptr [rip+0x236]
 [tid:24510] ins:movsd xmm1, qword ptr [rip+0x236]
 [tid:24510] reg:xmm1
 [tid:24510] Exe findMedianSortedArrays
 [tid:24510] INSTSELECTOR: instruction to be included divsd xmm0, xmm1
 [tid:24510] ins:divsd xmm0, xmm1
 [tid:24510] reg:xmm0
 [tid:24510] Exe findMedianSortedArrays
 [tid:24510] Exe findMedianSortedArrays
 [tid:24510] INSTSELECTOR: instruction to be included movsd xmm0, qword ptr [rbp-0x18]
 [tid:24510] ins:movsd xmm0, qword ptr [rbp-0x18]
 [tid:24510] reg:xmm0
 [tid:24510] Exe findMedianSortedArrays
 [tid:24510] Exe findMedianSortedArrays
 [tid:24510] INSTSELECTOR: instruction to be included cmp dword ptr [rbp-0x28], 0x0
 [tid:24510] ins:cmp dword ptr [rbp-0x28], 0x0
 [tid:24510] reg:rflags
 [tid:24510] Exe findMedianSortedArrays
 [tid:24510] Exe findMedianSortedArrays
 [tid:24510] INSTSELECTOR: instruction to be included mov eax, dword ptr [rbp-0x38]
 [tid:24510] ins:mov eax, dword ptr [rbp-0x38]
 [tid:24510] reg:eax
 [tid:24510] Exe findMedianSortedArrays
 [tid:24510] Exe findMedianSortedArrays
 [tid:24510] INSTSELECTOR: instruction to be included mov eax, dword ptr [rbp-0x3c]
 [tid:24510] ins:mov eax, dword ptr [rbp-0x3c]
 [tid:24510] reg:eax
 [tid:24510] Exe findMedianSortedArrays
 [tid:24510] INSTSELECTOR: instruction to be included cdqe 
 [tid:24510] ins:cdqe 
 [tid:24510] reg:rax
 [tid:24510] Exe findMedianSortedArrays
 [tid:24510] INSTSELECTOR: instruction to be included lea rdx, ptr [rax*4]
 [tid:24510] ins:lea rdx, ptr [rax*4]
 [tid:24510] reg:rdx
 [tid:24510] Exe findMedianSortedArrays
 [tid:24510] INSTSELECTOR: instruction to be included mov rax, qword ptr [rbp-0x68]
 [tid:24510] ins:mov rax, qword ptr [rbp-0x68]
 [tid:24510] reg:rax
 [tid:24510] Exe findMedianSortedArrays
 [tid:24510] INSTSELECTOR: instruction to be included add rax, rdx
 [tid:24510] ins:add rax, rdx
 [tid:24510] reg:rax
 [tid:24510] Exe findMedianSortedArrays
 [tid:24510] INSTSELECTOR: instruction to be included mov eax, dword ptr [rax]
 [tid:24510] ins:mov eax, dword ptr [rax]
 [tid:24510] reg:eax
 [tid:24510] Exe findMedianSortedArrays
 [tid:24510] Exe findMedianSortedArrays
 [tid:24510] INSTSELECTOR: instruction to be included add dword ptr [rbp-0x3c], 0x1
 [tid:24510] ins:add dword ptr [rbp-0x3c], 0x1
 [tid:24510] reg:rflags
 [tid:24510] COMP2MEM: inst add dword ptr [rbp-0x3c], 0x1
 [tid:24510] Exe findMedianSortedArrays
 [tid:24510] Exe findMedianSortedArrays
 [tid:24510] INSTSELECTOR: instruction to be included cmp dword ptr [rbp-0x24], 0x0
 [tid:24510] ins:cmp dword ptr [rbp-0x24], 0x0
 [tid:24510] reg:rflags
 [tid:24510] Exe findMedianSortedArrays
 [tid:24510] Exe findMedianSortedArrays
 [tid:24510] INSTSELECTOR: instruction to be included mov eax, dword ptr [rbp-0x38]
 [tid:24510] ins:mov eax, dword ptr [rbp-0x38]
 [tid:24510] reg:eax
 [tid:24510] Exe findMedianSortedArrays
 [tid:24510] Exe findMedianSortedArrays
 [tid:24510] INSTSELECTOR: instruction to be included mov eax, dword ptr [rbp-0x40]
 [tid:24510] ins:mov eax, dword ptr [rbp-0x40]
 [tid:24510] reg:eax
 [tid:24510] Exe findMedianSortedArrays
 [tid:24510] INSTSELECTOR: instruction to be included cdqe 
 [tid:24510] ins:cdqe 
 [tid:24510] reg:rax
 [tid:24510] Exe findMedianSortedArrays
 [tid:24510] INSTSELECTOR: instruction to be included lea rdx, ptr [rax*4]
 [tid:24510] ins:lea rdx, ptr [rax*4]
 [tid:24510] reg:rdx
 [tid:24510] Exe findMedianSortedArrays
 [tid:24510] INSTSELECTOR: instruction to be included mov rax, qword ptr [rbp-0x58]
 [tid:24510] ins:mov rax, qword ptr [rbp-0x58]
 [tid:24510] reg:rax
 [tid:24510] Exe findMedianSortedArrays
 [tid:24510] INSTSELECTOR: instruction to be included add rax, rdx
 [tid:24510] ins:add rax, rdx
 [tid:24510] reg:rax
 [tid:24510] Exe findMedianSortedArrays
 [tid:24510] INSTSELECTOR: instruction to be included mov eax, dword ptr [rax]
 [tid:24510] ins:mov eax, dword ptr [rax]
 [tid:24510] reg:eax
 [tid:24510] Exe findMedianSortedArrays
 [tid:24510] Exe findMedianSortedArrays
 [tid:24510] INSTSELECTOR: instruction to be included add dword ptr [rbp-0x40], 0x1
 [tid:24510] ins:add dword ptr [rbp-0x40], 0x1
 [tid:24510] reg:rflags
 [tid:24510] COMP2MEM: inst add dword ptr [rbp-0x40], 0x1
 [tid:24510] Exe findMedianSortedArrays
 [tid:24510] Exe findMedianSortedArrays
 [tid:24510] INSTSELECTOR: instruction to be included mov eax, dword ptr [rbp-0x40]
 [tid:24510] ins:mov eax, dword ptr [rbp-0x40]
 [tid:24510] reg:eax
 [tid:24510] Exe findMedianSortedArrays
 [tid:24510] INSTSELECTOR: instruction to be included cdqe 
 [tid:24510] ins:cdqe 
 [tid:24510] reg:rax
 [tid:24510] Exe findMedianSortedArrays
 [tid:24510] INSTSELECTOR: instruction to be included lea rdx, ptr [rax*4]
 [tid:24510] ins:lea rdx, ptr [rax*4]
 [tid:24510] reg:rdx
 [tid:24510] Exe findMedianSortedArrays
 [tid:24510] INSTSELECTOR: instruction to be included mov rax, qword ptr [rbp-0x58]
 [tid:24510] ins:mov rax, qword ptr [rbp-0x58]
 [tid:24510] reg:rax
 [tid:24510] Exe findMedianSortedArrays
 [tid:24510] INSTSELECTOR: instruction to be included add rax, rdx
 [tid:24510] ins:add rax, rdx
 [tid:24510] reg:rax
 [tid:24510] Exe findMedianSortedArrays
 [tid:24510] INSTSELECTOR: instruction to be included mov edx, dword ptr [rax]
 [tid:24510] ins:mov edx, dword ptr [rax]
 [tid:24510] reg:edx
 [tid:24510] Exe findMedianSortedArrays
 [tid:24510] INSTSELECTOR: instruction to be included mov eax, dword ptr [rbp-0x3c]
 [tid:24510] ins:mov eax, dword ptr [rbp-0x3c]
 [tid:24510] reg:eax
 [tid:24510] Exe findMedianSortedArrays
 [tid:24510] INSTSELECTOR: instruction to be included cdqe 
 [tid:24510] ins:cdqe 
 [tid:24510] reg:rax
 [tid:24510] Exe findMedianSortedArrays
 [tid:24510] INSTSELECTOR: instruction to be included lea rcx, ptr [rax*4]
 [tid:24510] ins:lea rcx, ptr [rax*4]
 [tid:24510] reg:rcx
 [tid:24510] Exe findMedianSortedArrays
 [tid:24510] INSTSELECTOR: instruction to be included mov rax, qword ptr [rbp-0x68]
 [tid:24510] ins:mov rax, qword ptr [rbp-0x68]
 [tid:24510] reg:rax
 [tid:24510] Exe findMedianSortedArrays
 [tid:24510] INSTSELECTOR: instruction to be included add rax, rcx
 [tid:24510] ins:add rax, rcx
 [tid:24510] reg:rax
 [tid:24510] Exe findMedianSortedArrays
 [tid:24510] INSTSELECTOR: instruction to be included mov eax, dword ptr [rax]
 [tid:24510] ins:mov eax, dword ptr [rax]
 [tid:24510] reg:eax
 [tid:24510] Exe findMedianSortedArrays
 [tid:24510] INSTSELECTOR: instruction to be included cmp edx, eax
 [tid:24510] ins:cmp edx, eax
 [tid:24510] reg:rflags
 [tid:24510] Exe findMedianSortedArrays
 [tid:24510] Exe findMedianSortedArrays
 [tid:24510] INSTSELECTOR: instruction to be included cmp dword ptr [rbp-0x30], 0x0
 [tid:24510] ins:cmp dword ptr [rbp-0x30], 0x0
 [tid:24510] reg:rflags
 [tid:24510] Exe findMedianSortedArrays
 [tid:24510] Exe findMedianSortedArrays
 [tid:24510] INSTSELECTOR: instruction to be included cmp dword ptr [rbp-0x2c], 0x1
 [tid:24510] ins:cmp dword ptr [rbp-0x2c], 0x1
 [tid:24510] reg:rflags
 [tid:24510] Exe findMedianSortedArrays
 [tid:24510] Exe findMedianSortedArrays
 [tid:24510] INSTSELECTOR: instruction to be included cmp dword ptr [rbp-0x2c], 0x1
 [tid:24510] ins:cmp dword ptr [rbp-0x2c], 0x1
 [tid:24510] reg:rflags
 [tid:24510] Exe findMedianSortedArrays
 [tid:24510] Exe findMedianSortedArrays
 [tid:24510] INSTSELECTOR: instruction to be included mov eax, dword ptr [rbp-0x38]
 [tid:24510] ins:mov eax, dword ptr [rbp-0x38]
 [tid:24510] reg:eax
 [tid:24510] Exe findMedianSortedArrays
 [tid:24510] Exe findMedianSortedArrays
 [tid:24510] INSTSELECTOR: instruction to be included mov eax, dword ptr [rbp-0x40]
 [tid:24510] ins:mov eax, dword ptr [rbp-0x40]
 [tid:24510] reg:eax
 [tid:24510] Exe findMedianSortedArrays
 [tid:24510] INSTSELECTOR: instruction to be included cdqe 
 [tid:24510] ins:cdqe 
 [tid:24510] reg:rax
 [tid:24510] Exe findMedianSortedArrays
 [tid:24510] INSTSELECTOR: instruction to be included lea rdx, ptr [rax*4]
 [tid:24510] ins:lea rdx, ptr [rax*4]
 [tid:24510] reg:rdx
 [tid:24510] Exe findMedianSortedArrays
 [tid:24510] INSTSELECTOR: instruction to be included mov rax, qword ptr [rbp-0x58]
 [tid:24510] ins:mov rax, qword ptr [rbp-0x58]
 [tid:24510] reg:rax
 [tid:24510] Exe findMedianSortedArrays
 [tid:24510] INSTSELECTOR: instruction to be included add rax, rdx
 [tid:24510] ins:add rax, rdx
 [tid:24510] reg:rax
 [tid:24510] Exe findMedianSortedArrays
 [tid:24510] INSTSELECTOR: instruction to be included mov eax, dword ptr [rax]
 [tid:24510] ins:mov eax, dword ptr [rax]
 [tid:24510] reg:eax
 [tid:24510] Exe findMedianSortedArrays
 [tid:24510] Exe findMedianSortedArrays
 [tid:24510] INSTSELECTOR: instruction to be included add dword ptr [rbp-0x40], 0x1
 [tid:24510] ins:add dword ptr [rbp-0x40], 0x1
 [tid:24510] reg:rflags
 [tid:24510] COMP2MEM: inst add dword ptr [rbp-0x40], 0x1
 [tid:24510] Exe findMedianSortedArrays
 [tid:24510] INSTSELECTOR: instruction to be included mov eax, dword ptr [rbp-0x40]
 [tid:24510] ins:mov eax, dword ptr [rbp-0x40]
 [tid:24510] reg:eax
 [tid:24510] Exe findMedianSortedArrays
 [tid:24510] INSTSELECTOR: instruction to be included cmp eax, dword ptr [rbp-0x5c]
 [tid:24510] ins:cmp eax, dword ptr [rbp-0x5c]
 [tid:24510] reg:rflags
 [tid:24510] Exe findMedianSortedArrays
 [tid:24510] Exe findMedianSortedArrays
 [tid:24510] Exe findMedianSortedArrays
 [tid:24510] INSTSELECTOR: instruction to be included sub dword ptr [rbp-0x40], 0x1
 [tid:24510] ins:sub dword ptr [rbp-0x40], 0x1
 [tid:24510] reg:rflags
 [tid:24510] COMP2MEM: inst sub dword ptr [rbp-0x40], 0x1
 [tid:24510] Exe findMedianSortedArrays
 [tid:24510] Exe findMedianSortedArrays
 [tid:24510] INSTSELECTOR: instruction to be included mov eax, dword ptr [rbp-0x40]
 [tid:24510] ins:mov eax, dword ptr [rbp-0x40]
 [tid:24510] reg:eax
 [tid:24510] Exe findMedianSortedArrays
 [tid:24510] INSTSELECTOR: instruction to be included cdqe 
 [tid:24510] ins:cdqe 
 [tid:24510] reg:rax
 [tid:24510] Exe findMedianSortedArrays
 [tid:24510] INSTSELECTOR: instruction to be included lea rdx, ptr [rax*4]
 [tid:24510] ins:lea rdx, ptr [rax*4]
 [tid:24510] reg:rdx
 [tid:24510] Exe findMedianSortedArrays
 [tid:24510] INSTSELECTOR: instruction to be included mov rax, qword ptr [rbp-0x58]
 [tid:24510] ins:mov rax, qword ptr [rbp-0x58]
 [tid:24510] reg:rax
 [tid:24510] Exe findMedianSortedArrays
 [tid:24510] INSTSELECTOR: instruction to be included add rax, rdx
 [tid:24510] ins:add rax, rdx
 [tid:24510] reg:rax
 [tid:24510] Exe findMedianSortedArrays
 [tid:24510] INSTSELECTOR: instruction to be included mov edx, dword ptr [rax]
 [tid:24510] ins:mov edx, dword ptr [rax]
 [tid:24510] reg:edx
 [tid:24510] Exe findMedianSortedArrays
 [tid:24510] INSTSELECTOR: instruction to be included mov eax, dword ptr [rbp-0x3c]
 [tid:24510] ins:mov eax, dword ptr [rbp-0x3c]
 [tid:24510] reg:eax
 [tid:24510] Exe findMedianSortedArrays
 [tid:24510] INSTSELECTOR: instruction to be included cdqe 
 [tid:24510] ins:cdqe 
 [tid:24510] reg:rax
 [tid:24510] Exe findMedianSortedArrays
 [tid:24510] INSTSELECTOR: instruction to be included lea rcx, ptr [rax*4]
 [tid:24510] ins:lea rcx, ptr [rax*4]
 [tid:24510] reg:rcx
 [tid:24510] Exe findMedianSortedArrays
 [tid:24510] INSTSELECTOR: instruction to be included mov rax, qword ptr [rbp-0x68]
 [tid:24510] ins:mov rax, qword ptr [rbp-0x68]
 [tid:24510] reg:rax
 [tid:24510] Exe findMedianSortedArrays
 [tid:24510] INSTSELECTOR: instruction to be included add rax, rcx
 [tid:24510] ins:add rax, rcx
 [tid:24510] reg:rax
 [tid:24510] Exe findMedianSortedArrays
 [tid:24510] INSTSELECTOR: instruction to be included mov eax, dword ptr [rax]
 [tid:24510] ins:mov eax, dword ptr [rax]
 [tid:24510] reg:eax
 [tid:24510] Exe findMedianSortedArrays
 [tid:24510] INSTSELECTOR: instruction to be included cmp edx, eax
 [tid:24510] ins:cmp edx, eax
 [tid:24510] reg:rflags
 [tid:24510] Exe findMedianSortedArrays
 [tid:24510] Exe findMedianSortedArrays
 [tid:24510] INSTSELECTOR: instruction to be included cmp dword ptr [rbp-0x2c], 0x0
 [tid:24510] ins:cmp dword ptr [rbp-0x2c], 0x0
 [tid:24510] reg:rflags
 [tid:24510] Exe findMedianSortedArrays
 [tid:24510] Exe findMedianSortedArrays
 [tid:24510] INSTSELECTOR: instruction to be included cmp dword ptr [rbp-0x30], 0x1
 [tid:24510] ins:cmp dword ptr [rbp-0x30], 0x1
 [tid:24510] reg:rflags
 [tid:24510] Exe findMedianSortedArrays
 [tid:24510] Exe findMedianSortedArrays
 [tid:24510] INSTSELECTOR: instruction to be included mov eax, dword ptr [rbp-0x38]
 [tid:24510] ins:mov eax, dword ptr [rbp-0x38]
 [tid:24510] reg:eax
 [tid:24510] Exe findMedianSortedArrays
 [tid:24510] Exe findMedianSortedArrays
 [tid:24510] INSTSELECTOR: instruction to be included mov eax, dword ptr [rbp-0x3c]
 [tid:24510] ins:mov eax, dword ptr [rbp-0x3c]
 [tid:24510] reg:eax
 [tid:24510] Exe findMedianSortedArrays
 [tid:24510] INSTSELECTOR: instruction to be included cdqe 
 [tid:24510] ins:cdqe 
 [tid:24510] reg:rax
 [tid:24510] Exe findMedianSortedArrays
 [tid:24510] INSTSELECTOR: instruction to be included lea rdx, ptr [rax*4]
 [tid:24510] ins:lea rdx, ptr [rax*4]
 [tid:24510] reg:rdx
 [tid:24510] Exe findMedianSortedArrays
 [tid:24510] INSTSELECTOR: instruction to be included mov rax, qword ptr [rbp-0x68]
 [tid:24510] ins:mov rax, qword ptr [rbp-0x68]
 [tid:24510] reg:rax
 [tid:24510] Exe findMedianSortedArrays
 [tid:24510] INSTSELECTOR: instruction to be included add rax, rdx
 [tid:24510] ins:add rax, rdx
 [tid:24510] reg:rax
 [tid:24510] Exe findMedianSortedArrays
 [tid:24510] INSTSELECTOR: instruction to be included mov eax, dword ptr [rax]
 [tid:24510] ins:mov eax, dword ptr [rax]
 [tid:24510] reg:eax
 [tid:24510] Exe findMedianSortedArrays
 [tid:24510] Exe findMedianSortedArrays
 [tid:24510] INSTSELECTOR: instruction to be included add dword ptr [rbp-0x3c], 0x1
 [tid:24510] ins:add dword ptr [rbp-0x3c], 0x1
 [tid:24510] reg:rflags
 [tid:24510] COMP2MEM: inst add dword ptr [rbp-0x3c], 0x1
 [tid:24510] Exe findMedianSortedArrays
 [tid:24510] INSTSELECTOR: instruction to be included mov eax, dword ptr [rbp-0x3c]
 [tid:24510] ins:mov eax, dword ptr [rbp-0x3c]
 [tid:24510] reg:eax
 [tid:24510] Exe findMedianSortedArrays
 [tid:24510] INSTSELECTOR: instruction to be included cmp eax, dword ptr [rbp-0x60]
 [tid:24510] ins:cmp eax, dword ptr [rbp-0x60]
 [tid:24510] reg:rflags
 [tid:24510] Exe findMedianSortedArrays
 [tid:24510] Exe findMedianSortedArrays
 [tid:24510] Exe findMedianSortedArrays
 [tid:24510] INSTSELECTOR: instruction to be included sub dword ptr [rbp-0x3c], 0x1
 [tid:24510] ins:sub dword ptr [rbp-0x3c], 0x1
 [tid:24510] reg:rflags
 [tid:24510] COMP2MEM: inst sub dword ptr [rbp-0x3c], 0x1
 [tid:24510] Exe findMedianSortedArrays
 [tid:24510] INSTSELECTOR: instruction to be included add dword ptr [rbp-0x44], 0x1
 [tid:24510] ins:add dword ptr [rbp-0x44], 0x1
 [tid:24510] reg:rflags
 [tid:24510] COMP2MEM: inst add dword ptr [rbp-0x44], 0x1
 [tid:24510] Exe findMedianSortedArrays
 [tid:24510] INSTSELECTOR: instruction to be included mov eax, dword ptr [rbp-0x44]
 [tid:24510] ins:mov eax, dword ptr [rbp-0x44]
 [tid:24510] reg:eax
 [tid:24510] Exe findMedianSortedArrays
 [tid:24510] INSTSELECTOR: instruction to be included cmp eax, dword ptr [rbp-0x1c]
 [tid:24510] ins:cmp eax, dword ptr [rbp-0x1c]
 [tid:24510] reg:rflags
 [tid:24510] Exe findMedianSortedArrays
 [tid:24510] Exe findMedianSortedArrays
 [tid:24510] INSTSELECTOR: instruction to be included mov eax, dword ptr [rbp-0x20]
 [tid:24510] ins:mov eax, dword ptr [rbp-0x20]
 [tid:24510] reg:eax
 [tid:24510] Exe findMedianSortedArrays
 [tid:24510] INSTSELECTOR: instruction to be included and eax, 0x1
 [tid:24510] ins:and eax, 0x1
 [tid:24510] reg:eax
 [tid:24510] Exe findMedianSortedArrays
 [tid:24510] INSTSELECTOR: instruction to be included test eax, eax
 [tid:24510] ins:test eax, eax
 [tid:24510] reg:rflags
 [tid:24510] Exe findMedianSortedArrays
 [tid:24510] Exe findMedianSortedArrays
 [tid:24510] INSTSELECTOR: instruction to be included add dword ptr [rbp-0x44], 0x1
 [tid:24510] ins:add dword ptr [rbp-0x44], 0x1
 [tid:24510] reg:rflags
 [tid:24510] COMP2MEM: inst add dword ptr [rbp-0x44], 0x1
 [tid:24510] Exe findMedianSortedArrays
 [tid:24510] INSTSELECTOR: instruction to be included mov eax, dword ptr [rbp-0x44]
 [tid:24510] ins:mov eax, dword ptr [rbp-0x44]
 [tid:24510] reg:eax
 [tid:24510] Exe findMedianSortedArrays
 [tid:24510] INSTSELECTOR: instruction to be included cmp eax, dword ptr [rbp-0x1c]
 [tid:24510] ins:cmp eax, dword ptr [rbp-0x1c]
 [tid:24510] reg:rflags
 [tid:24510] Exe findMedianSortedArrays
 [tid:24510] Exe findMedianSortedArrays
 [tid:24510] INSTSELECTOR: instruction to be included mov eax, dword ptr [rbp-0x20]
 [tid:24510] ins:mov eax, dword ptr [rbp-0x20]
 [tid:24510] reg:eax
 [tid:24510] Exe findMedianSortedArrays
 [tid:24510] INSTSELECTOR: instruction to be included and eax, 0x1
 [tid:24510] ins:and eax, 0x1
 [tid:24510] reg:eax
 [tid:24510] Exe findMedianSortedArrays
 [tid:24510] INSTSELECTOR: instruction to be included test eax, eax
 [tid:24510] ins:test eax, eax
 [tid:24510] reg:rflags
 [tid:24510] Exe findMedianSortedArrays
 [tid:24510] Exe findMedianSortedArrays
 [tid:24510] INSTSELECTOR: instruction to be included cvtsi2sd xmm1, dword ptr [rbp-0x34]
 [tid:24510] ins:cvtsi2sd xmm1, dword ptr [rbp-0x34]
 [tid:24510] reg:xmm1
 [tid:24510] Exe findMedianSortedArrays
 [tid:24510] INSTSELECTOR: instruction to be included cvtsi2sd xmm0, dword ptr [rbp-0x38]
 [tid:24510] ins:cvtsi2sd xmm0, dword ptr [rbp-0x38]
 [tid:24510] reg:xmm0
 [tid:24510] Exe findMedianSortedArrays
 [tid:24510] INSTSELECTOR: instruction to be included addsd xmm0, xmm1
 [tid:24510] ins:addsd xmm0, xmm1
 [tid:24510] reg:xmm0
 [tid:24510] Exe findMedianSortedArrays
 [tid:24510] INSTSELECTOR: instruction to be included movsd xmm1, qword ptr [rip+0x236]
 [tid:24510] ins:movsd xmm1, qword ptr [rip+0x236]
 [tid:24510] reg:xmm1
 [tid:24510] Exe findMedianSortedArrays
 [tid:24510] INSTSELECTOR: instruction to be included divsd xmm0, xmm1
 [tid:24510] ins:divsd xmm0, xmm1
 [tid:24510] reg:xmm0
 [tid:24510] Exe findMedianSortedArrays
 [tid:24510] Exe findMedianSortedArrays
 [tid:24510] INSTSELECTOR: instruction to be included movsd xmm0, qword ptr [rbp-0x18]
 [tid:24510] ins:movsd xmm0, qword ptr [rbp-0x18]
 [tid:24510] reg:xmm0
 [tid:24510] Exe findMedianSortedArrays
 [tid:24510] Exe findMedianSortedArrays
 [tid:24510] INSTSELECTOR: instruction to be included mov eax, dword ptr [rbp-0x38]
 [tid:24510] ins:mov eax, dword ptr [rbp-0x38]
 [tid:24510] reg:eax
 [tid:24510] Exe findMedianSortedArrays
 [tid:24510] Exe findMedianSortedArrays
 [tid:24510] INSTSELECTOR: instruction to be included mov eax, dword ptr [rbp-0x40]
 [tid:24510] ins:mov eax, dword ptr [rbp-0x40]
 [tid:24510] reg:eax
 [tid:24510] Exe findMedianSortedArrays
 [tid:24510] INSTSELECTOR: instruction to be included cdqe 
 [tid:24510] ins:cdqe 
 [tid:24510] reg:rax
 [tid:24510] Exe findMedianSortedArrays
 [tid:24510] INSTSELECTOR: instruction to be included lea rdx, ptr [rax*4]
 [tid:24510] ins:lea rdx, ptr [rax*4]
 [tid:24510] reg:rdx
 [tid:24510] Exe findMedianSortedArrays
 [tid:24510] INSTSELECTOR: instruction to be included mov rax, qword ptr [rbp-0x58]
 [tid:24510] ins:mov rax, qword ptr [rbp-0x58]
 [tid:24510] reg:rax
 [tid:24510] Exe findMedianSortedArrays
 [tid:24510] INSTSELECTOR: instruction to be included add rax, rdx
 [tid:24510] ins:add rax, rdx
 [tid:24510] reg:rax
 [tid:24510] Exe findMedianSortedArrays
 [tid:24510] INSTSELECTOR: instruction to be included mov eax, dword ptr [rax]
 [tid:24510] ins:mov eax, dword ptr [rax]
 [tid:24510] reg:eax
 [tid:24510] Exe findMedianSortedArrays
 [tid:24510] Exe findMedianSortedArrays
 [tid:24510] INSTSELECTOR: instruction to be included add dword ptr [rbp-0x40], 0x1
 [tid:24510] ins:add dword ptr [rbp-0x40], 0x1
 [tid:24510] reg:rflags
 [tid:24510] COMP2MEM: inst add dword ptr [rbp-0x40], 0x1
 [tid:24510] Exe findMedianSortedArrays
 [tid:24510] INSTSELECTOR: instruction to be included mov eax, dword ptr [rbp-0x40]
 [tid:24510] ins:mov eax, dword ptr [rbp-0x40]
 [tid:24510] reg:eax
 [tid:24510] Exe findMedianSortedArrays
 [tid:24510] INSTSELECTOR: instruction to be included cmp eax, dword ptr [rbp-0x5c]
 [tid:24510] ins:cmp eax, dword ptr [rbp-0x5c]
 [tid:24510] reg:rflags
 [tid:24510] Exe findMedianSortedArrays
 [tid:24510] Exe findMedianSortedArrays
 [tid:24510] Exe findMedianSortedArrays
 [tid:24510] INSTSELECTOR: instruction to be included sub dword ptr [rbp-0x40], 0x1
 [tid:24510] ins:sub dword ptr [rbp-0x40], 0x1
 [tid:24510] reg:rflags
 [tid:24510] COMP2MEM: inst sub dword ptr [rbp-0x40], 0x1
 [tid:24510] Exe findMedianSortedArrays
 [tid:24510] Exe findMedianSortedArrays
 [tid:24510] Exe findMedianSortedArrays
 [tid:24510] INSTSELECTOR: instruction to be included cmp dword ptr [rbp-0x30], 0x1
 [tid:24510] ins:cmp dword ptr [rbp-0x30], 0x1
 [tid:24510] reg:rflags
 [tid:24510] Exe findMedianSortedArrays
 [tid:24510] Exe findMedianSortedArrays
 [tid:24510] INSTSELECTOR: instruction to be included mov eax, dword ptr [rbp-0x38]
 [tid:24510] ins:mov eax, dword ptr [rbp-0x38]
 [tid:24510] reg:eax
 [tid:24510] Exe findMedianSortedArrays
 [tid:24510] Exe findMedianSortedArrays
 [tid:24510] INSTSELECTOR: instruction to be included mov eax, dword ptr [rbp-0x3c]
 [tid:24510] ins:mov eax, dword ptr [rbp-0x3c]
 [tid:24510] reg:eax
 [tid:24510] Exe findMedianSortedArrays
 [tid:24510] INSTSELECTOR: instruction to be included cdqe 
 [tid:24510] ins:cdqe 
 [tid:24510] reg:rax
 [tid:24510] Exe findMedianSortedArrays
 [tid:24510] INSTSELECTOR: instruction to be included lea rdx, ptr [rax*4]
 [tid:24510] ins:lea rdx, ptr [rax*4]
 [tid:24510] reg:rdx
 [tid:24510] Exe findMedianSortedArrays
 [tid:24510] INSTSELECTOR: instruction to be included mov rax, qword ptr [rbp-0x68]
 [tid:24510] ins:mov rax, qword ptr [rbp-0x68]
 [tid:24510] reg:rax
 [tid:24510] Exe findMedianSortedArrays
 [tid:24510] INSTSELECTOR: instruction to be included add rax, rdx
 [tid:24510] ins:add rax, rdx
 [tid:24510] reg:rax
 [tid:24510] Exe findMedianSortedArrays
 [tid:24510] INSTSELECTOR: instruction to be included mov eax, dword ptr [rax]
 [tid:24510] ins:mov eax, dword ptr [rax]
 [tid:24510] reg:eax
 [tid:24510] Exe findMedianSortedArrays
 [tid:24510] Exe findMedianSortedArrays
 [tid:24510] INSTSELECTOR: instruction to be included add dword ptr [rbp-0x3c], 0x1
 [tid:24510] ins:add dword ptr [rbp-0x3c], 0x1
 [tid:24510] reg:rflags
 [tid:24510] COMP2MEM: inst add dword ptr [rbp-0x3c], 0x1
 [tid:24510] Exe findMedianSortedArrays
 [tid:24510] INSTSELECTOR: instruction to be included mov eax, dword ptr [rbp-0x3c]
 [tid:24510] ins:mov eax, dword ptr [rbp-0x3c]
 [tid:24510] reg:eax
 [tid:24510] Exe findMedianSortedArrays
 [tid:24510] INSTSELECTOR: instruction to be included cmp eax, dword ptr [rbp-0x60]
 [tid:24510] ins:cmp eax, dword ptr [rbp-0x60]
 [tid:24510] reg:rflags
 [tid:24510] Exe findMedianSortedArrays
 [tid:24510] Exe findMedianSortedArrays
 [tid:24510] INSTSELECTOR: instruction to be included mov rax, qword ptr [rbp-0x8]
 [tid:24510] ins:mov rax, qword ptr [rbp-0x8]
 [tid:24510] reg:rax
 [tid:24510] Exe findMedianSortedArrays
 [tid:24510] INSTSELECTOR: instruction to be included xor rax, qword ptr fs:[0x28]
 [tid:24510] ins:xor rax, qword ptr fs:[0x28]
 [tid:24510] reg:rax
 [tid:24510] Exe findMedianSortedArrays
 [tid:24510] Exe findMedianSortedArrays
 [tid:24510] Exe findMedianSortedArrays
 [tid:24510] INSTSELECTOR: instruction to be included leave 
 [tid:24510] ins:leave 
 [tid:24510] reg:rsp
 [tid:24510] Exe findMedianSortedArrays
 [tid:24510] Exe main
 [tid:24510] INSTSELECTOR: instruction to be included movq rax, xmm0
 [tid:24510] ins:movq rax, xmm0
 [tid:24510] reg:rax
 [tid:24510] Exe main
 [tid:24510] Exe main
 [tid:24510] INSTSELECTOR: instruction to be included mov rax, qword ptr [rbp-0xc3518]
 [tid:24510] ins:mov rax, qword ptr [rbp-0xc3518]
 [tid:24510] reg:rax
 [tid:24510] Exe main
 [tid:24510] Exe main
 [tid:24510] INSTSELECTOR: instruction to be included movsd xmm0, qword ptr [rbp-0xc3528]
 [tid:24510] ins:movsd xmm0, qword ptr [rbp-0xc3528]
 [tid:24510] reg:xmm0
 [tid:24510] Exe main
 [tid:24510] INSTSELECTOR: instruction to be included mov edi, 0x400b16
 [tid:24510] ins:mov edi, 0x400b16
 [tid:24510] reg:edi
 [tid:24510] Exe main
 [tid:24510] INSTSELECTOR: instruction to be included mov eax, 0x1
 [tid:24510] ins:mov eax, 0x1
 [tid:24510] reg:eax
 [tid:24510] Exe main
 [tid:24510] Exe main
 [tid:24510] INSTSELECTOR: instruction to be included mov eax, 0x0
 [tid:24510] ins:mov eax, 0x0
 [tid:24510] reg:eax
 [tid:24510] Exe main
 [tid:24510] INSTSELECTOR: instruction to be included mov rcx, qword ptr [rbp-0x8]
 [tid:24510] ins:mov rcx, qword ptr [rbp-0x8]
 [tid:24510] reg:rcx
 [tid:24510] Exe main
 [tid:24510] INSTSELECTOR: instruction to be included xor rcx, qword ptr fs:[0x28]
 [tid:24510] ins:xor rcx, qword ptr fs:[0x28]
 [tid:24510] reg:rcx
 [tid:24510] Exe main
 [tid:24510] Exe main
 [tid:24510] Exe main
 [tid:24510] INSTSELECTOR: instruction to be included leave 
 [tid:24510] ins:leave 
 [tid:24510] reg:rbp
 [tid:24510] Exe main
 [tid:24510] Exe deregister_tm_clones
 [tid:24510] INSTSELECTOR: instruction to be included push rbp
 [tid:24510] ins:push rbp
 [tid:24510] reg:rsp
 [tid:24510] Exe deregister_tm_clones
 [tid:24510] INSTSELECTOR: instruction to be included mov eax, 0x601060
 [tid:24510] ins:mov eax, 0x601060
 [tid:24510] reg:eax
 [tid:24510] Exe deregister_tm_clones
 [tid:24510] INSTSELECTOR: instruction to be included cmp rax, 0x601060
 [tid:24510] ins:cmp rax, 0x601060
 [tid:24510] reg:rflags
 [tid:24510] NORMAL FLAG REG: inst cmp rax, 0x601060
 [tid:24510] Exe deregister_tm_clones
 [tid:24510] INSTSELECTOR: instruction to be included mov rbp, rsp
 [tid:24510] ins:mov rbp, rsp
 [tid:24510] reg:rbp
 [tid:24510] Exe deregister_tm_clones
 [tid:24510] Exe deregister_tm_clones
 [tid:24510] INSTSELECTOR: instruction to be included mov eax, 0x0
 [tid:24510] ins:mov eax, 0x0
 [tid:24510] reg:eax
 [tid:24510] Exe deregister_tm_clones
 [tid:24510] INSTSELECTOR: instruction to be included test rax, rax
 [tid:24510] ins:test rax, rax
 [tid:24510] reg:rflags
 [tid:24510] Exe deregister_tm_clones
 [tid:24510] Exe deregister_tm_clones
 [tid:24510] INSTSELECTOR: instruction to be included pop rbp
 [tid:24510] ins:pop rbp
 [tid:24510] reg:rsp
 [tid:24510] Exe deregister_tm_clones
 [tid:24510] INSTSELECTOR: instruction to be included mov edi, 0x601060
 [tid:24510] ins:mov edi, 0x601060
 [tid:24510] reg:edi
 [tid:24510] Exe deregister_tm_clones
 [tid:24510] Exe deregister_tm_clones
 [tid:24510] INSTSELECTOR: instruction to be included pop rbp
 [tid:24510] ins:pop rbp
 [tid:24510] reg:rsp
 [tid:24510] Exe deregister_tm_clones
